[2024-03-04T00:21:45.000+0000] {manager.py:469} INFO - Processing files using up to 2 processes at a time 
[2024-03-04T00:21:45.001+0000] {manager.py:470} INFO - Process each file at most once every 30 seconds
[2024-03-04T00:21:45.001+0000] {manager.py:471} INFO - Checking for new files in /opt/airflow/dags every 300 seconds
[2024-03-04T00:21:45.001+0000] {manager.py:738} INFO - Searching for files in /opt/airflow/dags
[2024-03-04T00:21:45.003+0000] {manager.py:741} INFO - There are 1 files in /opt/airflow/dags
[2024-03-04T00:21:45.114+0000] {manager.py:879} INFO - 
================================================================================
DAG File Processing Stats

File Path                                    PID  Runtime      # DAGs    # Errors  Last Runtime    Last Run
-----------------------------------------  -----  ---------  --------  ----------  --------------  ----------
/opt/airflow/dags/kafka_stream_metrics.py     33  0.06s             0           0
================================================================================
[2024-03-04T00:22:15.261+0000] {manager.py:879} INFO - 
================================================================================
DAG File Processing Stats

File Path                                    PID  Runtime      # DAGs    # Errors  Last Runtime    Last Run
-----------------------------------------  -----  ---------  --------  ----------  --------------  -------------------
/opt/airflow/dags/kafka_stream_metrics.py     34  0.01s             0           1  0.11s           2024-03-04T00:21:45
================================================================================
[2024-03-04T00:22:45.426+0000] {manager.py:879} INFO - 
================================================================================
DAG File Processing Stats

File Path                                    PID  Runtime      # DAGs    # Errors  Last Runtime    Last Run
-----------------------------------------  -----  ---------  --------  ----------  --------------  -------------------
/opt/airflow/dags/kafka_stream_metrics.py     35  0.01s             0           1  0.10s           2024-03-04T00:22:15
================================================================================
[2024-03-04T00:23:15.600+0000] {manager.py:879} INFO - 
================================================================================
DAG File Processing Stats

File Path                                    PID  Runtime      # DAGs    # Errors  Last Runtime    Last Run
-----------------------------------------  -----  ---------  --------  ----------  --------------  -------------------
/opt/airflow/dags/kafka_stream_metrics.py     36  0.01s             0           1  0.11s           2024-03-04T00:22:45
================================================================================
[2024-03-04T00:23:45.771+0000] {manager.py:879} INFO - 
================================================================================
DAG File Processing Stats

File Path                                    PID  Runtime      # DAGs    # Errors  Last Runtime    Last Run
-----------------------------------------  -----  ---------  --------  ----------  --------------  -------------------
/opt/airflow/dags/kafka_stream_metrics.py     37  0.01s             0           1  0.11s           2024-03-04T00:23:15
================================================================================
[2024-03-04T00:24:15.937+0000] {manager.py:879} INFO - 
================================================================================
DAG File Processing Stats

File Path                                    PID  Runtime      # DAGs    # Errors  Last Runtime    Last Run
-----------------------------------------  -----  ---------  --------  ----------  --------------  -------------------
/opt/airflow/dags/kafka_stream_metrics.py     38  0.01s             0           1  0.11s           2024-03-04T00:23:45
================================================================================
[2024-03-04T00:24:46.116+0000] {manager.py:879} INFO - 
================================================================================
DAG File Processing Stats

File Path                                    PID  Runtime      # DAGs    # Errors  Last Runtime    Last Run
-----------------------------------------  -----  ---------  --------  ----------  --------------  -------------------
/opt/airflow/dags/kafka_stream_metrics.py     39  0.01s             0           1  0.11s           2024-03-04T00:24:16
================================================================================
[2024-03-04T00:25:16.280+0000] {manager.py:879} INFO - 
================================================================================
DAG File Processing Stats

File Path                                    PID  Runtime      # DAGs    # Errors  Last Runtime    Last Run
-----------------------------------------  -----  ---------  --------  ----------  --------------  -------------------
/opt/airflow/dags/kafka_stream_metrics.py     40  0.01s             0           1  0.11s           2024-03-04T00:24:46
================================================================================
[2024-03-04T00:25:46.457+0000] {manager.py:879} INFO - 
================================================================================
DAG File Processing Stats

File Path                                    PID  Runtime      # DAGs    # Errors  Last Runtime    Last Run
-----------------------------------------  -----  ---------  --------  ----------  --------------  -------------------
/opt/airflow/dags/kafka_stream_metrics.py     41  0.01s             0           1  0.11s           2024-03-04T00:25:16
================================================================================
[2024-03-04T00:26:16.619+0000] {manager.py:879} INFO - 
================================================================================
DAG File Processing Stats

File Path                                    PID  Runtime      # DAGs    # Errors  Last Runtime    Last Run
-----------------------------------------  -----  ---------  --------  ----------  --------------  -------------------
/opt/airflow/dags/kafka_stream_metrics.py     42  0.01s             0           1  0.11s           2024-03-04T00:25:46
================================================================================
[2024-03-04T00:26:45.775+0000] {manager.py:738} INFO - Searching for files in /opt/airflow/dags
[2024-03-04T00:26:45.777+0000] {manager.py:741} INFO - There are 1 files in /opt/airflow/dags
[2024-03-04T00:26:46.805+0000] {manager.py:879} INFO - 
================================================================================
DAG File Processing Stats

File Path                                    PID  Runtime      # DAGs    # Errors  Last Runtime    Last Run
-----------------------------------------  -----  ---------  --------  ----------  --------------  -------------------
/opt/airflow/dags/kafka_stream_metrics.py     43  0.01s             0           1  0.10s           2024-03-04T00:26:16
================================================================================
[2024-03-04T00:29:21.187+0000] {manager.py:469} INFO - Processing files using up to 2 processes at a time 
[2024-03-04T00:29:21.188+0000] {manager.py:470} INFO - Process each file at most once every 30 seconds
[2024-03-04T00:29:21.189+0000] {manager.py:471} INFO - Checking for new files in /opt/airflow/dags every 300 seconds
[2024-03-04T00:29:21.189+0000] {manager.py:738} INFO - Searching for files in /opt/airflow/dags
[2024-03-04T00:29:21.191+0000] {manager.py:741} INFO - There are 1 files in /opt/airflow/dags
[2024-03-04T00:29:21.299+0000] {manager.py:879} INFO - 
================================================================================
DAG File Processing Stats

File Path                                    PID  Runtime      # DAGs    # Errors  Last Runtime    Last Run
-----------------------------------------  -----  ---------  --------  ----------  --------------  ----------
/opt/airflow/dags/kafka_stream_metrics.py     33  0.06s             0           0
================================================================================
[2024-03-04T00:29:51.444+0000] {manager.py:879} INFO - 
================================================================================
DAG File Processing Stats

File Path                                    PID  Runtime      # DAGs    # Errors  Last Runtime    Last Run
-----------------------------------------  -----  ---------  --------  ----------  --------------  -------------------
/opt/airflow/dags/kafka_stream_metrics.py     34  0.01s             0           1  0.10s           2024-03-04T00:29:21
================================================================================
[2024-03-04T00:30:21.606+0000] {manager.py:879} INFO - 
================================================================================
DAG File Processing Stats

File Path                                    PID  Runtime      # DAGs    # Errors  Last Runtime    Last Run
-----------------------------------------  -----  ---------  --------  ----------  --------------  -------------------
/opt/airflow/dags/kafka_stream_metrics.py     35  0.01s             0           1  0.11s           2024-03-04T00:29:51
================================================================================
[2024-03-04T00:30:51.795+0000] {manager.py:879} INFO - 
================================================================================
DAG File Processing Stats

File Path                                    PID  Runtime      # DAGs    # Errors  Last Runtime    Last Run
-----------------------------------------  -----  ---------  --------  ----------  --------------  -------------------
/opt/airflow/dags/kafka_stream_metrics.py     36  0.01s             0           1  0.12s           2024-03-04T00:30:21
================================================================================
[2024-03-04T00:31:21.966+0000] {manager.py:879} INFO - 
================================================================================
DAG File Processing Stats

File Path                                    PID  Runtime      # DAGs    # Errors  Last Runtime    Last Run
-----------------------------------------  -----  ---------  --------  ----------  --------------  -------------------
/opt/airflow/dags/kafka_stream_metrics.py     37  0.01s             0           1  0.12s           2024-03-04T00:30:51
================================================================================
[2024-03-04T00:31:52.136+0000] {manager.py:879} INFO - 
================================================================================
DAG File Processing Stats

File Path                                    PID  Runtime      # DAGs    # Errors  Last Runtime    Last Run
-----------------------------------------  -----  ---------  --------  ----------  --------------  -------------------
/opt/airflow/dags/kafka_stream_metrics.py     38  0.01s             0           1  0.12s           2024-03-04T00:31:22
================================================================================
[2024-03-04T00:32:22.310+0000] {manager.py:879} INFO - 
================================================================================
DAG File Processing Stats

File Path                                    PID  Runtime      # DAGs    # Errors  Last Runtime    Last Run
-----------------------------------------  -----  ---------  --------  ----------  --------------  -------------------
/opt/airflow/dags/kafka_stream_metrics.py     39  0.01s             0           1  0.12s           2024-03-04T00:31:52
================================================================================
[2024-03-04T00:32:52.493+0000] {manager.py:879} INFO - 
================================================================================
DAG File Processing Stats

File Path                                    PID  Runtime      # DAGs    # Errors  Last Runtime    Last Run
-----------------------------------------  -----  ---------  --------  ----------  --------------  -------------------
/opt/airflow/dags/kafka_stream_metrics.py     40  0.01s             0           1  0.11s           2024-03-04T00:32:22
================================================================================
[2024-03-04T00:33:22.672+0000] {manager.py:879} INFO - 
================================================================================
DAG File Processing Stats

File Path                                    PID  Runtime      # DAGs    # Errors  Last Runtime    Last Run
-----------------------------------------  -----  ---------  --------  ----------  --------------  -------------------
/opt/airflow/dags/kafka_stream_metrics.py     41  0.01s             0           1  0.12s           2024-03-04T00:32:52
================================================================================
[2024-03-04T00:33:52.844+0000] {manager.py:879} INFO - 
================================================================================
DAG File Processing Stats

File Path                                    PID  Runtime      # DAGs    # Errors  Last Runtime    Last Run
-----------------------------------------  -----  ---------  --------  ----------  --------------  -------------------
/opt/airflow/dags/kafka_stream_metrics.py     42  0.01s             0           1  0.12s           2024-03-04T00:33:22
================================================================================
[2024-03-04T00:34:22.003+0000] {manager.py:738} INFO - Searching for files in /opt/airflow/dags
[2024-03-04T00:34:22.005+0000] {manager.py:741} INFO - There are 1 files in /opt/airflow/dags
[2024-03-04T00:34:23.033+0000] {manager.py:879} INFO - 
================================================================================
DAG File Processing Stats

File Path                                    PID  Runtime      # DAGs    # Errors  Last Runtime    Last Run
-----------------------------------------  -----  ---------  --------  ----------  --------------  -------------------
/opt/airflow/dags/kafka_stream_metrics.py     43  0.01s             0           1  0.11s           2024-03-04T00:33:52
================================================================================
[2024-03-04T00:34:53.196+0000] {manager.py:879} INFO - 
================================================================================
DAG File Processing Stats

File Path                                    PID  Runtime      # DAGs    # Errors  Last Runtime    Last Run
-----------------------------------------  -----  ---------  --------  ----------  --------------  -------------------
/opt/airflow/dags/kafka_stream_metrics.py     44  0.01s             0           1  0.12s           2024-03-04T00:34:23
================================================================================
[2024-03-04T00:35:23.391+0000] {manager.py:879} INFO - 
================================================================================
DAG File Processing Stats

File Path                                    PID  Runtime      # DAGs    # Errors  Last Runtime    Last Run
-----------------------------------------  -----  ---------  --------  ----------  --------------  -------------------
/opt/airflow/dags/kafka_stream_metrics.py     45  0.01s             0           1  0.11s           2024-03-04T00:34:53
================================================================================
[2024-03-04T00:35:53.547+0000] {manager.py:879} INFO - 
================================================================================
DAG File Processing Stats

File Path                                    PID  Runtime      # DAGs    # Errors  Last Runtime    Last Run
-----------------------------------------  -----  ---------  --------  ----------  --------------  -------------------
/opt/airflow/dags/kafka_stream_metrics.py     46  0.01s             0           1  0.11s           2024-03-04T00:35:23
================================================================================
[2024-03-04T00:36:23.751+0000] {manager.py:879} INFO - 
================================================================================
DAG File Processing Stats

File Path                                    PID  Runtime      # DAGs    # Errors  Last Runtime    Last Run
-----------------------------------------  -----  ---------  --------  ----------  --------------  -------------------
/opt/airflow/dags/kafka_stream_metrics.py     47  0.01s             0           1  0.10s           2024-03-04T00:35:53
================================================================================
[2024-03-04T00:36:53.921+0000] {manager.py:879} INFO - 
================================================================================
DAG File Processing Stats

File Path                                    PID  Runtime      # DAGs    # Errors  Last Runtime    Last Run
-----------------------------------------  -----  ---------  --------  ----------  --------------  -------------------
/opt/airflow/dags/kafka_stream_metrics.py     48  0.01s             0           1  0.11s           2024-03-04T00:36:23
================================================================================
[2024-03-04T00:37:24.108+0000] {manager.py:879} INFO - 
================================================================================
DAG File Processing Stats

File Path                                    PID  Runtime      # DAGs    # Errors  Last Runtime    Last Run
-----------------------------------------  -----  ---------  --------  ----------  --------------  -------------------
/opt/airflow/dags/kafka_stream_metrics.py     49  0.01s             0           1  0.11s           2024-03-04T00:36:54
================================================================================
[2024-03-04T00:37:54.274+0000] {manager.py:879} INFO - 
================================================================================
DAG File Processing Stats

File Path                                    PID  Runtime      # DAGs    # Errors  Last Runtime    Last Run
-----------------------------------------  -----  ---------  --------  ----------  --------------  -------------------
/opt/airflow/dags/kafka_stream_metrics.py     50  0.01s             0           1  0.12s           2024-03-04T00:37:24
================================================================================
[2024-03-04T00:38:24.467+0000] {manager.py:879} INFO - 
================================================================================
DAG File Processing Stats

File Path                                    PID  Runtime      # DAGs    # Errors  Last Runtime    Last Run
-----------------------------------------  -----  ---------  --------  ----------  --------------  -------------------
/opt/airflow/dags/kafka_stream_metrics.py     51  0.01s             0           1  0.11s           2024-03-04T00:37:54
================================================================================
[2024-03-04T00:38:54.637+0000] {manager.py:879} INFO - 
================================================================================
DAG File Processing Stats

File Path                                    PID  Runtime      # DAGs    # Errors  Last Runtime    Last Run
-----------------------------------------  -----  ---------  --------  ----------  --------------  -------------------
/opt/airflow/dags/kafka_stream_metrics.py     52  0.01s             0           1  0.10s           2024-03-04T00:38:24
================================================================================
[2024-03-04T00:39:22.789+0000] {manager.py:738} INFO - Searching for files in /opt/airflow/dags
[2024-03-04T00:39:22.791+0000] {manager.py:741} INFO - There are 1 files in /opt/airflow/dags
[2024-03-04T00:39:24.827+0000] {manager.py:879} INFO - 
================================================================================
DAG File Processing Stats

File Path                                    PID  Runtime      # DAGs    # Errors  Last Runtime    Last Run
-----------------------------------------  -----  ---------  --------  ----------  --------------  -------------------
/opt/airflow/dags/kafka_stream_metrics.py     53  0.01s             0           1  0.11s           2024-03-04T00:38:54
================================================================================
[2024-03-04T00:39:54.991+0000] {manager.py:879} INFO - 
================================================================================
DAG File Processing Stats

File Path                                    PID  Runtime      # DAGs    # Errors  Last Runtime    Last Run
-----------------------------------------  -----  ---------  --------  ----------  --------------  -------------------
/opt/airflow/dags/kafka_stream_metrics.py     54  0.01s             0           1  0.11s           2024-03-04T00:39:24
================================================================================
[2024-03-04T00:40:25.179+0000] {manager.py:879} INFO - 
================================================================================
DAG File Processing Stats

File Path                                    PID  Runtime      # DAGs    # Errors  Last Runtime    Last Run
-----------------------------------------  -----  ---------  --------  ----------  --------------  -------------------
/opt/airflow/dags/kafka_stream_metrics.py     55  0.01s             0           1  0.09s           2024-03-04T00:39:55
================================================================================
[2024-03-04T00:40:55.340+0000] {manager.py:879} INFO - 
================================================================================
DAG File Processing Stats

File Path                                    PID  Runtime      # DAGs    # Errors  Last Runtime    Last Run
-----------------------------------------  -----  ---------  --------  ----------  --------------  -------------------
/opt/airflow/dags/kafka_stream_metrics.py     56  0.01s             0           1  0.11s           2024-03-04T00:40:25
================================================================================
[2024-03-04T00:41:25.542+0000] {manager.py:879} INFO - 
================================================================================
DAG File Processing Stats

File Path                                    PID  Runtime      # DAGs    # Errors  Last Runtime    Last Run
-----------------------------------------  -----  ---------  --------  ----------  --------------  -------------------
/opt/airflow/dags/kafka_stream_metrics.py     57  0.01s             0           1  0.11s           2024-03-04T00:40:55
================================================================================
[2024-03-04T00:41:55.702+0000] {manager.py:879} INFO - 
================================================================================
DAG File Processing Stats

File Path                                    PID  Runtime      # DAGs    # Errors  Last Runtime    Last Run
-----------------------------------------  -----  ---------  --------  ----------  --------------  -------------------
/opt/airflow/dags/kafka_stream_metrics.py     58  0.01s             0           1  0.11s           2024-03-04T00:41:25
================================================================================
[2024-03-04T00:42:25.891+0000] {manager.py:879} INFO - 
================================================================================
DAG File Processing Stats

File Path                                    PID  Runtime      # DAGs    # Errors  Last Runtime    Last Run
-----------------------------------------  -----  ---------  --------  ----------  --------------  -------------------
/opt/airflow/dags/kafka_stream_metrics.py     59  0.01s             0           1  0.10s           2024-03-04T00:41:55
================================================================================
[2024-03-04T00:42:56.057+0000] {manager.py:879} INFO - 
================================================================================
DAG File Processing Stats

File Path                                    PID  Runtime      # DAGs    # Errors  Last Runtime    Last Run
-----------------------------------------  -----  ---------  --------  ----------  --------------  -------------------
/opt/airflow/dags/kafka_stream_metrics.py     60  0.01s             0           1  0.10s           2024-03-04T00:42:25
================================================================================
[2024-03-04T00:43:26.227+0000] {manager.py:879} INFO - 
================================================================================
DAG File Processing Stats

File Path                                    PID  Runtime      # DAGs    # Errors  Last Runtime    Last Run
-----------------------------------------  -----  ---------  --------  ----------  --------------  -------------------
/opt/airflow/dags/kafka_stream_metrics.py     61  0.01s             0           1  0.11s           2024-03-04T00:42:56
================================================================================
[2024-03-04T00:43:56.403+0000] {manager.py:879} INFO - 
================================================================================
DAG File Processing Stats

File Path                                    PID  Runtime      # DAGs    # Errors  Last Runtime    Last Run
-----------------------------------------  -----  ---------  --------  ----------  --------------  -------------------
/opt/airflow/dags/kafka_stream_metrics.py     62  0.01s             0           1  0.11s           2024-03-04T00:43:26
================================================================================
[2024-03-04T00:44:23.539+0000] {manager.py:738} INFO - Searching for files in /opt/airflow/dags
[2024-03-04T00:44:23.541+0000] {manager.py:741} INFO - There are 1 files in /opt/airflow/dags
[2024-03-04T00:44:26.581+0000] {manager.py:879} INFO - 
================================================================================
DAG File Processing Stats

File Path                                    PID  Runtime      # DAGs    # Errors  Last Runtime    Last Run
-----------------------------------------  -----  ---------  --------  ----------  --------------  -------------------
/opt/airflow/dags/kafka_stream_metrics.py     63  0.01s             0           1  0.12s           2024-03-04T00:43:56
================================================================================
[2024-03-04T00:44:56.761+0000] {manager.py:879} INFO - 
================================================================================
DAG File Processing Stats

File Path                                    PID  Runtime      # DAGs    # Errors  Last Runtime    Last Run
-----------------------------------------  -----  ---------  --------  ----------  --------------  -------------------
/opt/airflow/dags/kafka_stream_metrics.py     64  0.01s             0           1  0.11s           2024-03-04T00:44:26
================================================================================
[2024-03-04T00:45:26.929+0000] {manager.py:879} INFO - 
================================================================================
DAG File Processing Stats

File Path                                    PID  Runtime      # DAGs    # Errors  Last Runtime    Last Run
-----------------------------------------  -----  ---------  --------  ----------  --------------  -------------------
/opt/airflow/dags/kafka_stream_metrics.py     65  0.01s             0           1  0.11s           2024-03-04T00:44:56
================================================================================
[2024-03-04T00:45:57.107+0000] {manager.py:879} INFO - 
================================================================================
DAG File Processing Stats

File Path                                    PID  Runtime      # DAGs    # Errors  Last Runtime    Last Run
-----------------------------------------  -----  ---------  --------  ----------  --------------  -------------------
/opt/airflow/dags/kafka_stream_metrics.py     66  0.01s             0           1  0.12s           2024-03-04T00:45:27
================================================================================
[2024-03-04T00:46:27.293+0000] {manager.py:879} INFO - 
================================================================================
DAG File Processing Stats

File Path                                    PID  Runtime      # DAGs    # Errors  Last Runtime    Last Run
-----------------------------------------  -----  ---------  --------  ----------  --------------  -------------------
/opt/airflow/dags/kafka_stream_metrics.py     67  0.01s             0           1  0.14s           2024-03-04T00:45:57
================================================================================
[2024-03-04T00:46:57.474+0000] {manager.py:879} INFO - 
================================================================================
DAG File Processing Stats

File Path                                    PID  Runtime      # DAGs    # Errors  Last Runtime    Last Run
-----------------------------------------  -----  ---------  --------  ----------  --------------  -------------------
/opt/airflow/dags/kafka_stream_metrics.py     68  0.01s             0           1  0.11s           2024-03-04T00:46:27
================================================================================
[2024-03-04T00:47:27.644+0000] {manager.py:879} INFO - 
================================================================================
DAG File Processing Stats

File Path                                    PID  Runtime      # DAGs    # Errors  Last Runtime    Last Run
-----------------------------------------  -----  ---------  --------  ----------  --------------  -------------------
/opt/airflow/dags/kafka_stream_metrics.py     69  0.01s             0           1  0.11s           2024-03-04T00:46:57
================================================================================
[2024-03-04T00:47:57.822+0000] {manager.py:879} INFO - 
================================================================================
DAG File Processing Stats

File Path                                    PID  Runtime      # DAGs    # Errors  Last Runtime    Last Run
-----------------------------------------  -----  ---------  --------  ----------  --------------  -------------------
/opt/airflow/dags/kafka_stream_metrics.py     70  0.01s             0           1  0.10s           2024-03-04T00:47:27
================================================================================
[2024-03-04T00:48:27.992+0000] {manager.py:879} INFO - 
================================================================================
DAG File Processing Stats

File Path                                    PID  Runtime      # DAGs    # Errors  Last Runtime    Last Run
-----------------------------------------  -----  ---------  --------  ----------  --------------  -------------------
/opt/airflow/dags/kafka_stream_metrics.py     71  0.01s             0           1  0.11s           2024-03-04T00:47:57
================================================================================
[2024-03-04T00:48:58.159+0000] {manager.py:879} INFO - 
================================================================================
DAG File Processing Stats

File Path                                    PID  Runtime      # DAGs    # Errors  Last Runtime    Last Run
-----------------------------------------  -----  ---------  --------  ----------  --------------  -------------------
/opt/airflow/dags/kafka_stream_metrics.py     72  0.01s             0           1  0.11s           2024-03-04T00:48:28
================================================================================
[2024-03-04T00:51:43.763+0000] {manager.py:469} INFO - Processing files using up to 2 processes at a time 
[2024-03-04T00:51:43.765+0000] {manager.py:470} INFO - Process each file at most once every 30 seconds
[2024-03-04T00:51:43.765+0000] {manager.py:471} INFO - Checking for new files in /opt/airflow/dags every 300 seconds
[2024-03-04T00:51:43.766+0000] {manager.py:738} INFO - Searching for files in /opt/airflow/dags
[2024-03-04T00:51:43.767+0000] {manager.py:741} INFO - There are 1 files in /opt/airflow/dags
[2024-03-04T00:51:43.870+0000] {manager.py:879} INFO - 
================================================================================
DAG File Processing Stats

File Path                                    PID  Runtime      # DAGs    # Errors  Last Runtime    Last Run
-----------------------------------------  -----  ---------  --------  ----------  --------------  ----------
/opt/airflow/dags/kafka_stream_metrics.py     33  0.05s             0           0
================================================================================
[2024-03-04T00:52:14.015+0000] {manager.py:879} INFO - 
================================================================================
DAG File Processing Stats

File Path                                    PID  Runtime      # DAGs    # Errors  Last Runtime    Last Run
-----------------------------------------  -----  ---------  --------  ----------  --------------  -------------------
/opt/airflow/dags/kafka_stream_metrics.py     34  0.01s             0           1  0.11s           2024-03-04T00:51:43
================================================================================
[2024-03-04T00:52:44.175+0000] {manager.py:879} INFO - 
================================================================================
DAG File Processing Stats

File Path                                    PID  Runtime      # DAGs    # Errors  Last Runtime    Last Run
-----------------------------------------  -----  ---------  --------  ----------  --------------  -------------------
/opt/airflow/dags/kafka_stream_metrics.py     35  0.00s             0           1  0.10s           2024-03-04T00:52:14
================================================================================
[2024-03-04T00:53:14.348+0000] {manager.py:879} INFO - 
================================================================================
DAG File Processing Stats

File Path                                    PID  Runtime      # DAGs    # Errors  Last Runtime    Last Run
-----------------------------------------  -----  ---------  --------  ----------  --------------  -------------------
/opt/airflow/dags/kafka_stream_metrics.py     36  0.01s             0           1  0.12s           2024-03-04T00:52:44
================================================================================
[2024-03-04T00:53:44.523+0000] {manager.py:879} INFO - 
================================================================================
DAG File Processing Stats

File Path                                    PID  Runtime      # DAGs    # Errors  Last Runtime    Last Run
-----------------------------------------  -----  ---------  --------  ----------  --------------  -------------------
/opt/airflow/dags/kafka_stream_metrics.py     37  0.01s             0           1  0.09s           2024-03-04T00:53:14
================================================================================
[2024-03-04T00:54:14.685+0000] {manager.py:879} INFO - 
================================================================================
DAG File Processing Stats

File Path                                    PID  Runtime      # DAGs    # Errors  Last Runtime    Last Run
-----------------------------------------  -----  ---------  --------  ----------  --------------  -------------------
/opt/airflow/dags/kafka_stream_metrics.py     38  0.01s             0           1  0.11s           2024-03-04T00:53:44
================================================================================
[2024-03-04T00:54:44.860+0000] {manager.py:879} INFO - 
================================================================================
DAG File Processing Stats

File Path                                    PID  Runtime      # DAGs    # Errors  Last Runtime    Last Run
-----------------------------------------  -----  ---------  --------  ----------  --------------  -------------------
/opt/airflow/dags/kafka_stream_metrics.py     39  0.01s             0           1  0.11s           2024-03-04T00:54:14
================================================================================
[2024-03-04T00:55:15.018+0000] {manager.py:879} INFO - 
================================================================================
DAG File Processing Stats

File Path                                    PID  Runtime      # DAGs    # Errors  Last Runtime    Last Run
-----------------------------------------  -----  ---------  --------  ----------  --------------  -------------------
/opt/airflow/dags/kafka_stream_metrics.py     40  0.01s             0           1  0.11s           2024-03-04T00:54:44
================================================================================
[2024-03-04T00:58:17.623+0000] {manager.py:469} INFO - Processing files using up to 2 processes at a time 
[2024-03-04T00:58:17.625+0000] {manager.py:470} INFO - Process each file at most once every 30 seconds
[2024-03-04T00:58:17.626+0000] {manager.py:471} INFO - Checking for new files in /opt/airflow/dags every 300 seconds
[2024-03-04T00:58:17.626+0000] {manager.py:738} INFO - Searching for files in /opt/airflow/dags
[2024-03-04T00:58:17.629+0000] {manager.py:741} INFO - There are 1 files in /opt/airflow/dags
[2024-03-04T00:58:17.750+0000] {manager.py:879} INFO - 
================================================================================
DAG File Processing Stats

File Path                                    PID  Runtime      # DAGs    # Errors  Last Runtime    Last Run
-----------------------------------------  -----  ---------  --------  ----------  --------------  ----------
/opt/airflow/dags/kafka_stream_metrics.py     33  0.06s             0           0
================================================================================
[2024-03-04T00:58:47.911+0000] {manager.py:879} INFO - 
================================================================================
DAG File Processing Stats

File Path                                    PID  Runtime      # DAGs    # Errors  Last Runtime    Last Run
-----------------------------------------  -----  ---------  --------  ----------  --------------  -------------------
/opt/airflow/dags/kafka_stream_metrics.py     34  0.01s             0           1  0.12s           2024-03-04T00:58:17
================================================================================
[2024-03-04T00:59:18.099+0000] {manager.py:879} INFO - 
================================================================================
DAG File Processing Stats

File Path                                    PID  Runtime      # DAGs    # Errors  Last Runtime    Last Run
-----------------------------------------  -----  ---------  --------  ----------  --------------  -------------------
/opt/airflow/dags/kafka_stream_metrics.py     35  0.01s             0           1  0.16s           2024-03-04T00:58:48
================================================================================
[2024-03-04T00:59:48.316+0000] {manager.py:879} INFO - 
================================================================================
DAG File Processing Stats

File Path                                    PID  Runtime      # DAGs    # Errors  Last Runtime    Last Run
-----------------------------------------  -----  ---------  --------  ----------  --------------  -------------------
/opt/airflow/dags/kafka_stream_metrics.py     36  0.01s             0           1  0.11s           2024-03-04T00:59:18
================================================================================
[2024-03-04T01:00:18.469+0000] {manager.py:879} INFO - 
================================================================================
DAG File Processing Stats

File Path                                    PID  Runtime      # DAGs    # Errors  Last Runtime    Last Run
-----------------------------------------  -----  ---------  --------  ----------  --------------  -------------------
/opt/airflow/dags/kafka_stream_metrics.py     37  0.01s             0           1  0.11s           2024-03-04T00:59:48
================================================================================
[2024-03-04T01:00:48.659+0000] {manager.py:879} INFO - 
================================================================================
DAG File Processing Stats

File Path                                    PID  Runtime      # DAGs    # Errors  Last Runtime    Last Run
-----------------------------------------  -----  ---------  --------  ----------  --------------  -------------------
/opt/airflow/dags/kafka_stream_metrics.py     38  0.00s             0           1  0.11s           2024-03-04T01:00:18
================================================================================
[2024-03-04T01:01:18.813+0000] {manager.py:879} INFO - 
================================================================================
DAG File Processing Stats

File Path                                    PID  Runtime      # DAGs    # Errors  Last Runtime    Last Run
-----------------------------------------  -----  ---------  --------  ----------  --------------  -------------------
/opt/airflow/dags/kafka_stream_metrics.py     39  0.00s             0           1  0.09s           2024-03-04T01:00:48
================================================================================
[2024-03-04T01:01:49.004+0000] {manager.py:879} INFO - 
================================================================================
DAG File Processing Stats

File Path                                    PID  Runtime      # DAGs    # Errors  Last Runtime    Last Run
-----------------------------------------  -----  ---------  --------  ----------  --------------  -------------------
/opt/airflow/dags/kafka_stream_metrics.py     40  0.01s             0           1  0.11s           2024-03-04T01:01:18
================================================================================
[2024-03-04T01:02:19.174+0000] {manager.py:879} INFO - 
================================================================================
DAG File Processing Stats

File Path                                    PID  Runtime      # DAGs    # Errors  Last Runtime    Last Run
-----------------------------------------  -----  ---------  --------  ----------  --------------  -------------------
/opt/airflow/dags/kafka_stream_metrics.py     41  0.01s             0           1  0.11s           2024-03-04T01:01:49
================================================================================
[2024-03-04T01:02:49.367+0000] {manager.py:879} INFO - 
================================================================================
DAG File Processing Stats

File Path                                    PID  Runtime      # DAGs    # Errors  Last Runtime    Last Run
-----------------------------------------  -----  ---------  --------  ----------  --------------  -------------------
/opt/airflow/dags/kafka_stream_metrics.py     42  0.01s             0           1  0.10s           2024-03-04T01:02:19
================================================================================
[2024-03-04T01:03:18.506+0000] {manager.py:738} INFO - Searching for files in /opt/airflow/dags
[2024-03-04T01:03:18.508+0000] {manager.py:741} INFO - There are 1 files in /opt/airflow/dags
[2024-03-04T01:03:19.536+0000] {manager.py:879} INFO - 
================================================================================
DAG File Processing Stats

File Path                                    PID  Runtime      # DAGs    # Errors  Last Runtime    Last Run
-----------------------------------------  -----  ---------  --------  ----------  --------------  -------------------
/opt/airflow/dags/kafka_stream_metrics.py     43  0.01s             0           1  0.12s           2024-03-04T01:02:49
================================================================================
[2024-03-04T01:03:49.726+0000] {manager.py:879} INFO - 
================================================================================
DAG File Processing Stats

File Path                                    PID  Runtime      # DAGs    # Errors  Last Runtime    Last Run
-----------------------------------------  -----  ---------  --------  ----------  --------------  -------------------
/opt/airflow/dags/kafka_stream_metrics.py     44  0.01s             0           1  0.11s           2024-03-04T01:03:19
================================================================================
[2024-03-04T01:04:19.880+0000] {manager.py:879} INFO - 
================================================================================
DAG File Processing Stats

File Path                                    PID  Runtime      # DAGs    # Errors  Last Runtime    Last Run
-----------------------------------------  -----  ---------  --------  ----------  --------------  -------------------
/opt/airflow/dags/kafka_stream_metrics.py     45  0.01s             0           1  0.12s           2024-03-04T01:03:49
================================================================================
[2024-03-04T01:04:50.090+0000] {manager.py:879} INFO - 
================================================================================
DAG File Processing Stats

File Path                                    PID  Runtime      # DAGs    # Errors  Last Runtime    Last Run
-----------------------------------------  -----  ---------  --------  ----------  --------------  -------------------
/opt/airflow/dags/kafka_stream_metrics.py     46  0.01s             0           1  0.09s           2024-03-04T01:04:19
================================================================================
[2024-03-04T01:05:20.249+0000] {manager.py:879} INFO - 
================================================================================
DAG File Processing Stats

File Path                                    PID  Runtime      # DAGs    # Errors  Last Runtime    Last Run
-----------------------------------------  -----  ---------  --------  ----------  --------------  -------------------
/opt/airflow/dags/kafka_stream_metrics.py     47  0.01s             0           1  0.11s           2024-03-04T01:04:50
================================================================================
[2024-03-04T01:05:50.439+0000] {manager.py:879} INFO - 
================================================================================
DAG File Processing Stats

File Path                                    PID  Runtime      # DAGs    # Errors  Last Runtime    Last Run
-----------------------------------------  -----  ---------  --------  ----------  --------------  -------------------
/opt/airflow/dags/kafka_stream_metrics.py     48  0.01s             0           1  0.11s           2024-03-04T01:05:20
================================================================================
[2024-03-04T01:06:20.616+0000] {manager.py:879} INFO - 
================================================================================
DAG File Processing Stats

File Path                                    PID  Runtime      # DAGs    # Errors  Last Runtime    Last Run
-----------------------------------------  -----  ---------  --------  ----------  --------------  -------------------
/opt/airflow/dags/kafka_stream_metrics.py     49  0.01s             0           1  0.10s           2024-03-04T01:05:50
================================================================================
[2024-03-04T01:06:50.778+0000] {manager.py:879} INFO - 
================================================================================
DAG File Processing Stats

File Path                                    PID  Runtime      # DAGs    # Errors  Last Runtime    Last Run
-----------------------------------------  -----  ---------  --------  ----------  --------------  -------------------
/opt/airflow/dags/kafka_stream_metrics.py     50  0.01s             0           1  0.11s           2024-03-04T01:06:20
================================================================================
[2024-03-04T01:07:20.968+0000] {manager.py:879} INFO - 
================================================================================
DAG File Processing Stats

File Path                                    PID  Runtime      # DAGs    # Errors  Last Runtime    Last Run
-----------------------------------------  -----  ---------  --------  ----------  --------------  -------------------
/opt/airflow/dags/kafka_stream_metrics.py     51  0.01s             0           1  0.10s           2024-03-04T01:06:50
================================================================================
[2024-03-04T01:07:51.129+0000] {manager.py:879} INFO - 
================================================================================
DAG File Processing Stats

File Path                                    PID  Runtime      # DAGs    # Errors  Last Runtime    Last Run
-----------------------------------------  -----  ---------  --------  ----------  --------------  -------------------
/opt/airflow/dags/kafka_stream_metrics.py     52  0.00s             0           1  0.13s           2024-03-04T01:07:21
================================================================================
[2024-03-04T01:08:19.323+0000] {manager.py:738} INFO - Searching for files in /opt/airflow/dags
[2024-03-04T01:08:19.325+0000] {manager.py:741} INFO - There are 1 files in /opt/airflow/dags
[2024-03-04T01:08:21.356+0000] {manager.py:879} INFO - 
================================================================================
DAG File Processing Stats

File Path                                    PID  Runtime      # DAGs    # Errors  Last Runtime    Last Run
-----------------------------------------  -----  ---------  --------  ----------  --------------  -------------------
/opt/airflow/dags/kafka_stream_metrics.py     53  0.01s             0           1  0.10s           2024-03-04T01:07:51
================================================================================
[2024-03-04T01:08:51.516+0000] {manager.py:879} INFO - 
================================================================================
DAG File Processing Stats

File Path                                    PID  Runtime      # DAGs    # Errors  Last Runtime    Last Run
-----------------------------------------  -----  ---------  --------  ----------  --------------  -------------------
/opt/airflow/dags/kafka_stream_metrics.py     54  0.01s             0           1  0.11s           2024-03-04T01:08:21
================================================================================
[2024-03-04T01:09:21.716+0000] {manager.py:879} INFO - 
================================================================================
DAG File Processing Stats

File Path                                    PID  Runtime      # DAGs    # Errors  Last Runtime    Last Run
-----------------------------------------  -----  ---------  --------  ----------  --------------  -------------------
/opt/airflow/dags/kafka_stream_metrics.py     55  0.01s             0           1  0.11s           2024-03-04T01:08:51
================================================================================
[2024-03-04T01:09:51.873+0000] {manager.py:879} INFO - 
================================================================================
DAG File Processing Stats

File Path                                    PID  Runtime      # DAGs    # Errors  Last Runtime    Last Run
-----------------------------------------  -----  ---------  --------  ----------  --------------  -------------------
/opt/airflow/dags/kafka_stream_metrics.py     56  0.01s             0           1  0.11s           2024-03-04T01:09:21
================================================================================
